  [2m2026-01-25T22:30:04.979574Z[0m [32m INFO[0m [1;32mapicentric::logging[0m[32m: [32mLogging initialized, [1;32mformat[0m[32m: pretty[0m
    [2;3mat[0m src/logging.rs:71

🚀 Starting API Simulator (blocking)…
  [2m2026-01-25T22:30:05.101992Z[0m [32m INFO[0m [1;32msimulator[0m[32m: [32mService registered, [1;32mservice[0m[32m: E-commerce API, [1;32mport[0m[32m: 9002[0m
    [2;3mat[0m src/simulator/registry.rs:133
    [2;3min[0m apicentric::simulator::lifecycle::[1mstart[0m [2;3mwith[0m [1msimulator_enabled[0m: true

  [2m2026-01-25T22:30:05.102048Z[0m [32m INFO[0m [1;32msimulator[0m[32m: [32mRoutes registered for service, [1;32mservice[0m[32m: E-commerce API, [1;32mpath[0m[32m: /api/v2[0m
    [2;3mat[0m src/simulator/router.rs:73
    [2;3min[0m apicentric::simulator::lifecycle::[1mstart[0m [2;3mwith[0m [1msimulator_enabled[0m: true

  [2m2026-01-25T22:30:05.105131Z[0m [32m INFO[0m [1;32msimulator[0m[32m: [32mService registered, [1;32mservice[0m[32m: User API, [1;32mport[0m[32m: 9001[0m
    [2;3mat[0m src/simulator/registry.rs:133
    [2;3min[0m apicentric::simulator::lifecycle::[1mstart[0m [2;3mwith[0m [1msimulator_enabled[0m: true

  [2m2026-01-25T22:30:05.107231Z[0m [32m INFO[0m [1;32msimulator[0m[32m: [32mRoutes registered for service, [1;32mservice[0m[32m: User API, [1;32mpath[0m[32m: /api/v1[0m
    [2;3mat[0m src/simulator/router.rs:73
    [2;3min[0m apicentric::simulator::lifecycle::[1mstart[0m [2;3mwith[0m [1msimulator_enabled[0m: true

  [2m2026-01-25T22:30:05.110072Z[0m [32m INFO[0m [1;32msimulator[0m[32m: [32mService registered, [1;32mservice[0m[32m: Acme Smart Sensor, [1;32mport[0m[32m: 3000[0m
    [2;3mat[0m src/simulator/registry.rs:133
    [2;3min[0m apicentric::simulator::lifecycle::[1mstart[0m [2;3mwith[0m [1msimulator_enabled[0m: true

  [2m2026-01-25T22:30:05.110123Z[0m [32m INFO[0m [1;32msimulator[0m[32m: [32mRoutes registered for service, [1;32mservice[0m[32m: Acme Smart Sensor, [1;32mpath[0m[32m: /api/v1[0m
    [2;3mat[0m src/simulator/router.rs:73
    [2;3min[0m apicentric::simulator::lifecycle::[1mstart[0m [2;3mwith[0m [1msimulator_enabled[0m: true

Error: Runtime error: Port 9001 is already in use
